2024-02-14 22:56:30,747 WARNING database DDL Query made to DB:
ALTER TABLE `tabLead` MODIFY `custom_audit` decimal(21,9) not null default 0, MODIFY `custom_asp` decimal(21,9) not null default 0, MODIFY `custom_z_cases` decimal(21,9) not null default 0, MODIFY `annual_revenue` decimal(21,9) not null default 0, MODIFY `custom_bk` decimal(21,9) not null default 0, MODIFY `custom_zdp___sp` decimal(21,9) not null default 0, MODIFY `custom_lc` decimal(21,9) not null default 0, MODIFY `custom_off_plan_sales` decimal(21,9) not null default 0, MODIFY `custom_vdp_sp` decimal(21,9) not null default 0, MODIFY `custom_ecl` decimal(21,9) not null default 0, MODIFY `custom_actuarial` decimal(21,9) not null default 0, MODIFY `custom_v_cases` decimal(21,9) not null default 0, MODIFY `custom_z___t` decimal(21,9) not null default 0, MODIFY `custom_vat` decimal(21,9) not null default 0
2024-02-15 00:00:00,591 WARNING database DDL Query made to DB:
create table `tabInsights Table` (
			name varchar(140) primary key,
			creation datetime(6),
			modified datetime(6),
			modified_by varchar(140),
			owner varchar(140),
			docstatus int(1) not null default '0',
			idx int(8) not null default '0',
			`table` varchar(140),
`label` varchar(140),
`is_query_based` int(1) not null default 0,
`data_source` varchar(140),
`hidden` int(1) not null default 0,
`_user_tags` text,
`_comments` text,
`_assign` text,
`_liked_by` text,
index `data_source`(`data_source`),
index modified(modified))
			ENGINE=InnoDB
			ROW_FORMAT=DYNAMIC
			CHARACTER SET=utf8mb4
			COLLATE=utf8mb4_unicode_ci
2024-02-15 00:00:00,692 WARNING database DDL Query made to DB:
ALTER TABLE `tabInsights Table`
				ADD INDEX `data_source_table_index`(`data_source`, `table`)
2024-02-15 00:00:00,748 WARNING database DDL Query made to DB:
create table `tabInsights Notebook Page` (
			name varchar(140) primary key,
			creation datetime(6),
			modified datetime(6),
			modified_by varchar(140),
			owner varchar(140),
			docstatus int(1) not null default '0',
			idx int(8) not null default '0',
			`title` varchar(140),
`notebook` varchar(140),
`content` longtext,
`_user_tags` text,
`_comments` text,
`_assign` text,
`_liked_by` text,
index modified(modified))
			ENGINE=InnoDB
			ROW_FORMAT=DYNAMIC
			CHARACTER SET=utf8mb4
			COLLATE=utf8mb4_unicode_ci
2024-02-15 00:00:00,829 WARNING database DDL Query made to DB:
create table `tabInsights Query Transform` (
			name varchar(140) primary key,
			creation datetime(6),
			modified datetime(6),
			modified_by varchar(140),
			owner varchar(140),
			docstatus int(1) not null default '0',
			idx int(8) not null default '0',
			`type` varchar(140),
`options` json default '{}',
parent varchar(140),
parentfield varchar(140),
parenttype varchar(140),
index parent(parent))
			ENGINE=InnoDB
			ROW_FORMAT=DYNAMIC
			CHARACTER SET=utf8mb4
			COLLATE=utf8mb4_unicode_ci
2024-02-15 00:00:00,898 WARNING database DDL Query made to DB:
create table `tabInsights Dashboard` (
			name varchar(140) primary key,
			creation datetime(6),
			modified datetime(6),
			modified_by varchar(140),
			owner varchar(140),
			docstatus int(1) not null default '0',
			idx int(8) not null default '0',
			`title` varchar(140),
`is_public` int(1) not null default 0,
`public_key` varchar(140),
`_user_tags` text,
`_comments` text,
`_assign` text,
`_liked_by` text,
index modified(modified))
			ENGINE=InnoDB
			ROW_FORMAT=DYNAMIC
			CHARACTER SET=utf8mb4
			COLLATE=utf8mb4_unicode_ci
2024-02-15 00:00:01,144 WARNING database DDL Query made to DB:
create table `tabInsights Chart` (
			name varchar(140) primary key,
			creation datetime(6),
			modified datetime(6),
			modified_by varchar(140),
			owner varchar(140),
			docstatus int(1) not null default '0',
			idx int(8) not null default '0',
			`query` varchar(140),
`chart_type` varchar(140),
`options` json default '{}',
`is_public` int(1) not null default 0,
`public_key` varchar(140),
`_user_tags` text,
`_comments` text,
`_assign` text,
`_liked_by` text,
index modified(modified))
			ENGINE=InnoDB
			ROW_FORMAT=DYNAMIC
			CHARACTER SET=utf8mb4
			COLLATE=utf8mb4_unicode_ci
2024-02-15 00:00:01,225 WARNING database DDL Query made to DB:
create table `tabInsights Query Table` (
			name varchar(140) primary key,
			creation datetime(6),
			modified datetime(6),
			modified_by varchar(140),
			owner varchar(140),
			docstatus int(1) not null default '0',
			idx int(8) not null default '0',
			`label` varchar(140),
`table` varchar(140),
`join` longtext,
parent varchar(140),
parentfield varchar(140),
parenttype varchar(140),
index parent(parent))
			ENGINE=InnoDB
			ROW_FORMAT=DYNAMIC
			CHARACTER SET=utf8mb4
			COLLATE=utf8mb4_unicode_ci
2024-02-15 00:00:01,295 WARNING database DDL Query made to DB:
create table `tabInsights Table Link` (
			name varchar(140) primary key,
			creation datetime(6),
			modified datetime(6),
			modified_by varchar(140),
			owner varchar(140),
			docstatus int(1) not null default '0',
			idx int(8) not null default '0',
			`foreign_table` varchar(140),
`foreign_table_label` varchar(140),
`cardinality` varchar(140) default '1:1',
`primary_key` varchar(140),
`foreign_key` varchar(140),
parent varchar(140),
parentfield varchar(140),
parenttype varchar(140),
index parent(parent))
			ENGINE=InnoDB
			ROW_FORMAT=DYNAMIC
			CHARACTER SET=utf8mb4
			COLLATE=utf8mb4_unicode_ci
2024-02-15 00:00:01,363 WARNING database DDL Query made to DB:
create sequence if not exists insights_team_member_id_seq nocache nocycle
2024-02-15 00:00:01,369 WARNING database DDL Query made to DB:
create table `tabInsights Team Member` (
			name bigint primary key,
			creation datetime(6),
			modified datetime(6),
			modified_by varchar(140),
			owner varchar(140),
			docstatus int(1) not null default '0',
			idx int(8) not null default '0',
			`user` varchar(140),
parent varchar(140),
parentfield varchar(140),
parenttype varchar(140),
index parent(parent))
			ENGINE=InnoDB
			ROW_FORMAT=DYNAMIC
			CHARACTER SET=utf8mb4
			COLLATE=utf8mb4_unicode_ci
2024-02-15 00:00:01,438 WARNING database DDL Query made to DB:
create sequence if not exists insights_dashboard_item_id_seq nocache nocycle
2024-02-15 00:00:01,444 WARNING database DDL Query made to DB:
create table `tabInsights Dashboard Item` (
			name bigint primary key,
			creation datetime(6),
			modified datetime(6),
			modified_by varchar(140),
			owner varchar(140),
			docstatus int(1) not null default '0',
			idx int(8) not null default '0',
			`item_id` varchar(140),
`item_type` varchar(140),
`options` json,
`layout` json,
parent varchar(140),
parentfield varchar(140),
parenttype varchar(140),
index parent(parent))
			ENGINE=InnoDB
			ROW_FORMAT=DYNAMIC
			CHARACTER SET=utf8mb4
			COLLATE=utf8mb4_unicode_ci
2024-02-15 00:00:01,516 WARNING database DDL Query made to DB:
create table `tabInsights Query Chart` (
			name varchar(140) primary key,
			creation datetime(6),
			modified datetime(6),
			modified_by varchar(140),
			owner varchar(140),
			docstatus int(1) not null default '0',
			idx int(8) not null default '0',
			`query` varchar(140),
`title` varchar(140),
`type` varchar(140),
`config` json,
`_user_tags` text,
`_comments` text,
`_assign` text,
`_liked_by` text,
index modified(modified))
			ENGINE=InnoDB
			ROW_FORMAT=DYNAMIC
			CHARACTER SET=utf8mb4
			COLLATE=utf8mb4_unicode_ci
2024-02-15 00:00:01,692 WARNING database DDL Query made to DB:
create table `tabInsights Query Column` (
			name varchar(140) primary key,
			creation datetime(6),
			modified datetime(6),
			modified_by varchar(140),
			owner varchar(140),
			docstatus int(1) not null default '0',
			idx int(8) not null default '0',
			`label` varchar(140),
`column` varchar(140),
`type` varchar(140),
`is_expression` int(1) not null default 0,
`table` varchar(140),
`table_label` varchar(140),
`expression` json,
`aggregation` varchar(140),
`aggregation_condition` longtext,
`format_option` longtext,
`order_by` varchar(140),
parent varchar(140),
parentfield varchar(140),
parenttype varchar(140),
index parent(parent))
			ENGINE=InnoDB
			ROW_FORMAT=DYNAMIC
			CHARACTER SET=utf8mb4
			COLLATE=utf8mb4_unicode_ci
2024-02-15 00:00:01,841 WARNING database DDL Query made to DB:
create table `tabInsights Data Source` (
			name varchar(140) primary key,
			creation datetime(6),
			modified datetime(6),
			modified_by varchar(140),
			owner varchar(140),
			docstatus int(1) not null default '0',
			idx int(8) not null default '0',
			`title` varchar(140) unique,
`status` varchar(140),
`database_type` varchar(140) default 'MariaDB',
`is_site_db` int(1) not null default 0,
`host` varchar(140),
`port` varchar(140),
`use_ssl` int(1) not null default 0,
`allow_imports` int(1) not null default 0,
`database_name` varchar(140),
`username` varchar(140),
`password` text,
`connection_string` text,
`_user_tags` text,
`_comments` text,
`_assign` text,
`_liked_by` text,
index modified(modified))
			ENGINE=InnoDB
			ROW_FORMAT=DYNAMIC
			CHARACTER SET=utf8mb4
			COLLATE=utf8mb4_unicode_ci
2024-02-15 00:00:02,298 WARNING database DDL Query made to DB:
create table `tabInsights Table Column` (
			name varchar(140) primary key,
			creation datetime(6),
			modified datetime(6),
			modified_by varchar(140),
			owner varchar(140),
			docstatus int(1) not null default '0',
			idx int(8) not null default '0',
			`column` varchar(140),
`label` varchar(140),
`type` varchar(140) default 'String',
parent varchar(140),
parentfield varchar(140),
parenttype varchar(140),
index parent(parent))
			ENGINE=InnoDB
			ROW_FORMAT=DYNAMIC
			CHARACTER SET=utf8mb4
			COLLATE=utf8mb4_unicode_ci
2024-02-15 00:00:02,432 WARNING database DDL Query made to DB:
create table `tabInsights Alert` (
			name varchar(140) primary key,
			creation datetime(6),
			modified datetime(6),
			modified_by varchar(140),
			owner varchar(140),
			docstatus int(1) not null default '0',
			idx int(8) not null default '0',
			`disabled` int(1) not null default 0,
`title` varchar(140),
`channel` varchar(140) default 'Email',
`query` varchar(140),
`frequency` varchar(140) default 'Hourly',
`cron_format` varchar(140),
`last_execution` datetime(6),
`repeat` int(1) not null default 0,
`telegram_chat_id` varchar(140),
`recipients` text,
`condition` longtext,
`message` longtext,
`_user_tags` text,
`_comments` text,
`_assign` text,
`_liked_by` text,
index modified(modified))
			ENGINE=InnoDB
			ROW_FORMAT=DYNAMIC
			CHARACTER SET=utf8mb4
			COLLATE=utf8mb4_unicode_ci
2024-02-15 00:00:02,799 WARNING database DDL Query made to DB:
create table `tabInsights Query` (
			name varchar(140) primary key,
			creation datetime(6),
			modified datetime(6),
			modified_by varchar(140),
			owner varchar(140),
			docstatus int(1) not null default '0',
			idx int(8) not null default '0',
			`status` varchar(140) default 'Pending Execution',
`title` varchar(140),
`is_native_query` int(1) not null default 0,
`is_assisted_query` int(1) not null default 0,
`is_script_query` int(1) not null default 0,
`data_source` varchar(140),
`chart` varchar(140),
`is_stored` int(1) not null default 0,
`filters` json default '{\n	\"type\": \"LogicalExpression\",\n	\"operator\": \"&&\",\n	\"level\": 1,\n	\"position\": 1,\n	\"conditions\": []\n}',
`limit` int(11) not null default 500,
`json` longtext default '{}',
`sql` longtext,
`script` longtext,
`script_log` text,
`execution_time` decimal(21,9) not null default 0,
`last_execution` datetime(6),
`_user_tags` text,
`_comments` text,
`_assign` text,
`_liked_by` text,
index `data_source`(`data_source`),
index modified(modified))
			ENGINE=InnoDB
			ROW_FORMAT=DYNAMIC
			CHARACTER SET=utf8mb4
			COLLATE=utf8mb4_unicode_ci
2024-02-15 00:00:02,954 WARNING database DDL Query made to DB:
create table `tabInsights Table Import` (
			name varchar(140) primary key,
			creation datetime(6),
			modified datetime(6),
			modified_by varchar(140),
			owner varchar(140),
			docstatus int(1) not null default '0',
			idx int(8) not null default '0',
			`table_label` varchar(140),
`table_name` varchar(140),
`if_exists` varchar(140) default 'Fail',
`data_source` varchar(140),
`source` text,
`status` varchar(140) default 'Draft',
`rows` int(11) not null default 0,
`error` text,
`amended_from` varchar(140),
`_user_tags` text,
`_comments` text,
`_assign` text,
`_liked_by` text,
index modified(modified))
			ENGINE=InnoDB
			ROW_FORMAT=DYNAMIC
			CHARACTER SET=utf8mb4
			COLLATE=utf8mb4_unicode_ci
2024-02-15 00:00:03,078 WARNING database DDL Query made to DB:
create table `tabInsights Notebook` (
			name varchar(140) primary key,
			creation datetime(6),
			modified datetime(6),
			modified_by varchar(140),
			owner varchar(140),
			docstatus int(1) not null default '0',
			idx int(8) not null default '0',
			`title` varchar(140),
`_user_tags` text,
`_comments` text,
`_assign` text,
`_liked_by` text,
index modified(modified))
			ENGINE=InnoDB
			ROW_FORMAT=DYNAMIC
			CHARACTER SET=utf8mb4
			COLLATE=utf8mb4_unicode_ci
2024-02-15 00:00:03,216 WARNING database DDL Query made to DB:
create table `tabInsights Team` (
			name varchar(140) primary key,
			creation datetime(6),
			modified datetime(6),
			modified_by varchar(140),
			owner varchar(140),
			docstatus int(1) not null default '0',
			idx int(8) not null default '0',
			`team_name` varchar(140),
`_user_tags` text,
`_comments` text,
`_assign` text,
`_liked_by` text,
index modified(modified))
			ENGINE=InnoDB
			ROW_FORMAT=DYNAMIC
			CHARACTER SET=utf8mb4
			COLLATE=utf8mb4_unicode_ci
2024-02-15 00:00:03,347 WARNING database DDL Query made to DB:
create table `tabInsights Query Result` (
			name varchar(140) primary key,
			creation datetime(6),
			modified datetime(6),
			modified_by varchar(140),
			owner varchar(140),
			docstatus int(1) not null default '0',
			idx int(8) not null default '0',
			`query` varchar(140) unique,
`results_row_count` int(11) not null default 0,
`results` longtext,
`_user_tags` text,
`_comments` text,
`_assign` text,
`_liked_by` text,
index modified(modified))
			ENGINE=InnoDB
			ROW_FORMAT=DYNAMIC
			CHARACTER SET=utf8mb4
			COLLATE=utf8mb4_unicode_ci
2024-02-15 00:00:03,482 WARNING database DDL Query made to DB:
create sequence if not exists insights_resource_permission_id_seq nocache nocycle
2024-02-15 00:00:03,488 WARNING database DDL Query made to DB:
create table `tabInsights Resource Permission` (
			name bigint primary key,
			creation datetime(6),
			modified datetime(6),
			modified_by varchar(140),
			owner varchar(140),
			docstatus int(1) not null default '0',
			idx int(8) not null default '0',
			`resource_type` varchar(140),
`resource_name` varchar(140),
parent varchar(140),
parentfield varchar(140),
parenttype varchar(140),
index parent(parent))
			ENGINE=InnoDB
			ROW_FORMAT=DYNAMIC
			CHARACTER SET=utf8mb4
			COLLATE=utf8mb4_unicode_ci
2024-02-15 00:00:03,597 WARNING database DDL Query made to DB:
create table `tabInsights Query Execution Log` (
			name varchar(140) primary key,
			creation datetime(6),
			modified datetime(6),
			modified_by varchar(140),
			owner varchar(140),
			docstatus int(1) not null default '0',
			idx int(8) not null default '0',
			`data_source` varchar(140),
`sql` longtext,
`time_taken` decimal(21,9) not null default 0,
`_user_tags` text,
`_comments` text,
`_assign` text,
`_liked_by` text,
index modified(modified))
			ENGINE=MyISAM
			ROW_FORMAT=DYNAMIC
			CHARACTER SET=utf8mb4
			COLLATE=utf8mb4_unicode_ci
2024-02-15 00:00:03,721 WARNING database DDL Query made to DB:
create table `tabInsights Query Variable` (
			name varchar(140) primary key,
			creation datetime(6),
			modified datetime(6),
			modified_by varchar(140),
			owner varchar(140),
			docstatus int(1) not null default '0',
			idx int(8) not null default '0',
			`variable_name` varchar(140),
`variable_value` text,
parent varchar(140),
parentfield varchar(140),
parenttype varchar(140),
index parent(parent))
			ENGINE=InnoDB
			ROW_FORMAT=DYNAMIC
			CHARACTER SET=utf8mb4
			COLLATE=utf8mb4_unicode_ci
2024-03-07 18:23:59,534 WARNING database DDL Query made to DB:
ALTER TABLE `tabOpportunity` ADD COLUMN `custom_probability_status` varchar(140)
2024-03-07 18:23:59,540 WARNING database DDL Query made to DB:
ALTER TABLE `tabOpportunity` MODIFY `first_response_time` decimal(21,9), MODIFY `total` decimal(21,9) not null default 0, MODIFY `base_total` decimal(21,9) not null default 0, MODIFY `conversion_rate` decimal(21,9) not null default 0, MODIFY `annual_revenue` decimal(21,9) not null default 0, MODIFY `base_opportunity_amount` decimal(21,9) not null default 0, MODIFY `opportunity_amount` decimal(21,9) not null default 0
2024-03-07 18:23:59,654 WARNING database DDL Query made to DB:
ALTER TABLE `tabOpportunity` MODIFY `base_opportunity_amount` decimal(21,9) not null default 0, MODIFY `base_total` decimal(21,9) not null default 0, MODIFY `opportunity_amount` decimal(21,9) not null default 0, MODIFY `first_response_time` decimal(21,9), MODIFY `total` decimal(21,9) not null default 0, MODIFY `conversion_rate` decimal(21,9) not null default 0, MODIFY `annual_revenue` decimal(21,9) not null default 0
2024-03-07 18:24:07,899 WARNING database DDL Query made to DB:
ALTER TABLE `tabOpportunity` MODIFY `conversion_rate` decimal(21,9) not null default 0, MODIFY `total` decimal(21,9) not null default 0, MODIFY `first_response_time` decimal(21,9), MODIFY `base_total` decimal(21,9) not null default 0, MODIFY `opportunity_amount` decimal(21,9) not null default 0, MODIFY `base_opportunity_amount` decimal(21,9) not null default 0, MODIFY `annual_revenue` decimal(21,9) not null default 0
