2024-01-27 06:41:43,603 ERROR scheduler Exception in Enqueue Events for Site 360.armsit.com
Traceback (most recent call last):
  File "/srv/bench/frappe-bench/env/lib/python3.10/site-packages/pymysql/connections.py", line 644, in connect
    sock = socket.create_connection(
  File "/usr/lib/python3.10/socket.py", line 845, in create_connection
    raise err
  File "/usr/lib/python3.10/socket.py", line 833, in create_connection
    sock.connect(sa)
ConnectionRefusedError: [Errno 111] Connection refused

During handling of the above exception, another exception occurred:

Traceback (most recent call last):
  File "/srv/bench/frappe-bench/apps/frappe/frappe/utils/scheduler.py", line 73, in enqueue_events_for_site
    if is_scheduler_inactive():
  File "/srv/bench/frappe-bench/apps/frappe/frappe/utils/scheduler.py", line 110, in is_scheduler_inactive
    if is_scheduler_disabled(verbose=verbose):
  File "/srv/bench/frappe-bench/apps/frappe/frappe/utils/scheduler.py", line 123, in is_scheduler_disabled
    frappe.db.get_single_value("System Settings", "enable_scheduler")
  File "/srv/bench/frappe-bench/apps/frappe/frappe/database/database.py", line 831, in get_single_value
    ).run()
  File "/srv/bench/frappe-bench/apps/frappe/frappe/query_builder/utils.py", line 87, in execute_query
    result = frappe.db.sql(query, params, *args, **kwargs)  # nosemgrep
  File "/srv/bench/frappe-bench/apps/frappe/frappe/database/database.py", line 212, in sql
    self.connect()
  File "/srv/bench/frappe-bench/apps/frappe/frappe/database/database.py", line 118, in connect
    self._conn: Union["MariadbConnection", "PostgresConnection"] = self.get_connection()
  File "/srv/bench/frappe-bench/apps/frappe/frappe/database/mariadb/database.py", line 103, in get_connection
    conn = self._get_connection()
  File "/srv/bench/frappe-bench/apps/frappe/frappe/database/mariadb/database.py", line 109, in _get_connection
    return self.create_connection()
  File "/srv/bench/frappe-bench/apps/frappe/frappe/database/mariadb/database.py", line 112, in create_connection
    return pymysql.connect(**self.get_connection_settings())
  File "/srv/bench/frappe-bench/env/lib/python3.10/site-packages/pymysql/connections.py", line 358, in __init__
    self.connect()
  File "/srv/bench/frappe-bench/env/lib/python3.10/site-packages/pymysql/connections.py", line 711, in connect
    raise exc
pymysql.err.OperationalError: (2003, "Can't connect to MySQL server on '127.0.0.1' ([Errno 111] Connection refused)")
